<?xml version="1.0" encoding="UTF-8"?>
<!-- Generated by org.testng.reporters.JUnitReportReporter -->
<testsuite hostname="Bablu-PC" name="TestPackage.rectangle" tests="2" failures="0" timestamp="29 May 2017 11:39:55 GMT" time="0.031" errors="0">
  <testcase name="method" time="0.016" classname="TestPackage.rectangle"/>
  <testcase name="drow" time="0.015" classname="TestPackage.rectangle"/>
</testsuite> <!-- TestPackage.rectangle -->
