<?xml version="1.0" encoding="UTF-8"?>
<!-- Generated by org.testng.reporters.JUnitReportReporter -->
<testsuite hostname="Bablu-PC" name="TestPackage.Circle" tests="2" failures="0" timestamp="29 May 2017 11:39:55 GMT" time="0.000" errors="0">
  <testcase name="method" time="0.000" classname="TestPackage.Circle"/>
  <testcase name="drow" time="0.000" classname="TestPackage.Circle"/>
</testsuite> <!-- TestPackage.Circle -->
