<?xml version="1.0" encoding="UTF-8"?>
<!-- Generated by org.testng.reporters.JUnitReportReporter -->
<testsuite hostname="Bablu-PC" name="TestPackage.tests" tests="2" failures="0" timestamp="29 May 2017 11:39:55 GMT" time="0.015" errors="0">
  <testcase name="method" time="0.000" classname="TestPackage.tests"/>
  <testcase name="drow" time="0.015" classname="TestPackage.tests"/>
</testsuite> <!-- TestPackage.tests -->
